{"C:\\Users\\Admin\\Downloads\\memory-card-game\\memory_game_NguyenTrungHieu\\src\\App.tsx": {"path":"C:\\Users\\Admin\\Downloads\\memory-card-game\\memory_game_NguyenTrungHieu\\src\\App.tsx","statementMap":{"0":{"start":{"line":5,"column":2},"end":{"line":16,"column":4}},"1":{"start":{"line":9,"column":10},"end":{"line":9,"column":35}}},"fnMap":{"0":{"name":"App","decl":{"start":{"line":4,"column":9},"end":{"line":4,"column":12}},"loc":{"start":{"line":4,"column":15},"end":{"line":17,"column":1}},"line":4},"1":{"name":"(anonymous_1)","decl":{"start":{"line":8,"column":17},"end":{"line":8,"column":18}},"loc":{"start":{"line":8,"column":23},"end":{"line":10,"column":9}},"line":8}},"branchMap":{},"s":{"0":1,"1":0},"f":{"0":1,"1":0},"b":{},"_coverageSchema":"1a1c01bbd47fc00a2c39e90264f33305004495a9","hash":"317a6d3bfaf7f1e8ca798b9edb41ae399033b623"}
,"C:\\Users\\Admin\\Downloads\\memory-card-game\\memory_game_NguyenTrungHieu\\src\\index.tsx": {"path":"C:\\Users\\Admin\\Downloads\\memory-card-game\\memory_game_NguyenTrungHieu\\src\\index.tsx","statementMap":{"0":{"start":{"line":7,"column":0},"end":{"line":12,"column":1}}},"fnMap":{},"branchMap":{},"s":{"0":0},"f":{},"b":{}}
,"C:\\Users\\Admin\\Downloads\\memory-card-game\\memory_game_NguyenTrungHieu\\src\\components\\Board.tsx": {"path":"C:\\Users\\Admin\\Downloads\\memory-card-game\\memory_game_NguyenTrungHieu\\src\\components\\Board.tsx","statementMap":{"0":{"start":{"line":10,"column":14},"end":{"line":71,"column":1}},"1":{"start":{"line":11,"column":20},"end":{"line":11,"column":25}},"2":{"start":{"line":12,"column":36},"end":{"line":12,"column":63}},"3":{"start":{"line":13,"column":42},"end":{"line":13,"column":69}},"4":{"start":{"line":15,"column":4},"end":{"line":15,"column":28}},"5":{"start":{"line":16,"column":18},"end":{"line":16,"column":62}},"6":{"start":{"line":18,"column":19},"end":{"line":32,"column":3}},"7":{"start":{"line":19,"column":28},"end":{"line":19,"column":37}},"8":{"start":{"line":20,"column":4},"end":{"line":20,"column":36}},"9":{"start":{"line":21,"column":4},"end":{"line":28,"column":5}},"10":{"start":{"line":25,"column":6},"end":{"line":25,"column":58}},"11":{"start":{"line":25,"column":32},"end":{"line":25,"column":56}},"12":{"start":{"line":26,"column":6},"end":{"line":26,"column":23}},"13":{"start":{"line":27,"column":6},"end":{"line":27,"column":13}},"14":{"start":{"line":29,"column":4},"end":{"line":31,"column":13}},"15":{"start":{"line":30,"column":6},"end":{"line":30,"column":23}},"16":{"start":{"line":34,"column":26},"end":{"line":42,"column":3}},"17":{"start":{"line":35,"column":4},"end":{"line":41,"column":5}},"18":{"start":{"line":36,"column":6},"end":{"line":36,"column":44}},"19":{"start":{"line":36,"column":29},"end":{"line":36,"column":42}},"20":{"start":{"line":37,"column":6},"end":{"line":37,"column":37}},"21":{"start":{"line":39,"column":6},"end":{"line":39,"column":36}},"22":{"start":{"line":40,"column":6},"end":{"line":40,"column":25}},"23":{"start":{"line":44,"column":2},"end":{"line":52,"column":18}},"24":{"start":{"line":45,"column":34},"end":{"line":45,"column":54}},"25":{"start":{"line":46,"column":4},"end":{"line":48,"column":5}},"26":{"start":{"line":47,"column":6},"end":{"line":47,"column":42}},"27":{"start":{"line":49,"column":4},"end":{"line":51,"column":6}},"28":{"start":{"line":50,"column":6},"end":{"line":50,"column":28}},"29":{"start":{"line":54,"column":25},"end":{"line":56,"column":3}},"30":{"start":{"line":55,"column":4},"end":{"line":55,"column":63}},"31":{"start":{"line":58,"column":23},"end":{"line":62,"column":5}},"32":{"start":{"line":58,"column":44},"end":{"line":62,"column":3}},"33":{"start":{"line":64,"column":2},"end":{"line":70,"column":4}},"34":{"start":{"line":67,"column":8},"end":{"line":67,"column":76}}},"fnMap":{"0":{"name":"(anonymous_0)","decl":{"start":{"line":10,"column":14},"end":{"line":10,"column":15}},"loc":{"start":{"line":10,"column":37},"end":{"line":71,"column":1}},"line":10},"1":{"name":"(anonymous_1)","decl":{"start":{"line":16,"column":52},"end":{"line":16,"column":53}},"loc":{"start":{"line":16,"column":58},"end":{"line":16,"column":60}},"line":16},"2":{"name":"(anonymous_2)","decl":{"start":{"line":18,"column":19},"end":{"line":18,"column":20}},"loc":{"start":{"line":18,"column":25},"end":{"line":32,"column":3}},"line":18},"3":{"name":"(anonymous_3)","decl":{"start":{"line":25,"column":22},"end":{"line":25,"column":23}},"loc":{"start":{"line":25,"column":32},"end":{"line":25,"column":56}},"line":25},"4":{"name":"(anonymous_4)","decl":{"start":{"line":29,"column":33},"end":{"line":29,"column":34}},"loc":{"start":{"line":29,"column":39},"end":{"line":31,"column":5}},"line":29},"5":{"name":"(anonymous_5)","decl":{"start":{"line":34,"column":26},"end":{"line":34,"column":27}},"loc":{"start":{"line":34,"column":42},"end":{"line":42,"column":3}},"line":34},"6":{"name":"(anonymous_6)","decl":{"start":{"line":36,"column":19},"end":{"line":36,"column":20}},"loc":{"start":{"line":36,"column":29},"end":{"line":36,"column":42}},"line":36},"7":{"name":"(anonymous_7)","decl":{"start":{"line":44,"column":12},"end":{"line":44,"column":13}},"loc":{"start":{"line":44,"column":18},"end":{"line":52,"column":3}},"line":44},"8":{"name":"(anonymous_8)","decl":{"start":{"line":45,"column":45},"end":{"line":45,"column":46}},"loc":{"start":{"line":45,"column":51},"end":{"line":45,"column":53}},"line":45},"9":{"name":"(anonymous_9)","decl":{"start":{"line":49,"column":11},"end":{"line":49,"column":12}},"loc":{"start":{"line":49,"column":17},"end":{"line":51,"column":5}},"line":49},"10":{"name":"(anonymous_10)","decl":{"start":{"line":54,"column":25},"end":{"line":54,"column":26}},"loc":{"start":{"line":54,"column":41},"end":{"line":56,"column":3}},"line":54},"11":{"name":"(anonymous_11)","decl":{"start":{"line":58,"column":33},"end":{"line":58,"column":34}},"loc":{"start":{"line":58,"column":44},"end":{"line":62,"column":3}},"line":58},"12":{"name":"(anonymous_12)","decl":{"start":{"line":66,"column":24},"end":{"line":66,"column":25}},"loc":{"start":{"line":66,"column":34},"end":{"line":68,"column":7}},"line":66}},"branchMap":{"0":{"loc":{"start":{"line":21,"column":4},"end":{"line":28,"column":5}},"type":"if","locations":[{"start":{"line":21,"column":4},"end":{"line":28,"column":5}},{"start":{},"end":{}}],"line":21},"1":{"loc":{"start":{"line":35,"column":4},"end":{"line":41,"column":5}},"type":"if","locations":[{"start":{"line":35,"column":4},"end":{"line":41,"column":5}},{"start":{"line":38,"column":11},"end":{"line":41,"column":5}}],"line":35},"2":{"loc":{"start":{"line":46,"column":4},"end":{"line":48,"column":5}},"type":"if","locations":[{"start":{"line":46,"column":4},"end":{"line":48,"column":5}},{"start":{},"end":{}}],"line":46},"3":{"loc":{"start":{"line":55,"column":11},"end":{"line":55,"column":62}},"type":"binary-expr","locations":[{"start":{"line":55,"column":11},"end":{"line":55,"column":36}},{"start":{"line":55,"column":40},"end":{"line":55,"column":62}}],"line":55}},"s":{"0":2,"1":4,"2":4,"3":4,"4":4,"5":4,"6":4,"7":0,"8":0,"9":0,"10":0,"11":0,"12":0,"13":0,"14":0,"15":0,"16":4,"17":1,"18":0,"19":0,"20":0,"21":1,"22":1,"23":4,"24":2,"25":2,"26":0,"27":2,"28":2,"29":4,"30":48,"31":4,"32":48,"33":4,"34":48},"f":{"0":4,"1":0,"2":0,"3":0,"4":0,"5":1,"6":0,"7":2,"8":0,"9":2,"10":48,"11":48,"12":48},"b":{"0":[0,0],"1":[0,1],"2":[0,2],"3":[48,48]},"_coverageSchema":"1a1c01bbd47fc00a2c39e90264f33305004495a9","hash":"660c1afcc0fc0fbf47a6866102e7b19920464033"}
,"C:\\Users\\Admin\\Downloads\\memory-card-game\\memory_game_NguyenTrungHieu\\src\\components\\Card.tsx": {"path":"C:\\Users\\Admin\\Downloads\\memory-card-game\\memory_game_NguyenTrungHieu\\src\\components\\Card.tsx","statementMap":{"0":{"start":{"line":10,"column":13},"end":{"line":35,"column":1}},"1":{"start":{"line":11,"column":28},"end":{"line":11,"column":33}},"2":{"start":{"line":12,"column":47},"end":{"line":12,"column":51}},"3":{"start":{"line":13,"column":19},"end":{"line":13,"column":41}},"4":{"start":{"line":15,"column":22},"end":{"line":17,"column":3}},"5":{"start":{"line":16,"column":4},"end":{"line":16,"column":45}},"6":{"start":{"line":19,"column":2},"end":{"line":34,"column":4}}},"fnMap":{"0":{"name":"(anonymous_0)","decl":{"start":{"line":10,"column":13},"end":{"line":10,"column":14}},"loc":{"start":{"line":10,"column":35},"end":{"line":35,"column":1}},"line":10},"1":{"name":"(anonymous_1)","decl":{"start":{"line":15,"column":22},"end":{"line":15,"column":23}},"loc":{"start":{"line":15,"column":28},"end":{"line":17,"column":3}},"line":15}},"branchMap":{"0":{"loc":{"start":{"line":16,"column":4},"end":{"line":16,"column":44}},"type":"binary-expr","locations":[{"start":{"line":16,"column":4},"end":{"line":16,"column":14}},{"start":{"line":16,"column":18},"end":{"line":16,"column":29}},{"start":{"line":16,"column":33},"end":{"line":16,"column":44}}],"line":16}},"s":{"0":3,"1":27,"2":27,"3":27,"4":27,"5":1,"6":27},"f":{"0":27,"1":1},"b":{"0":[1,1,1]},"_coverageSchema":"1a1c01bbd47fc00a2c39e90264f33305004495a9","hash":"c531cd24538284196ca6473e80207fafd9a51555"}
,"C:\\Users\\Admin\\Downloads\\memory-card-game\\memory_game_NguyenTrungHieu\\src\\data\\cards.ts": {"path":"C:\\Users\\Admin\\Downloads\\memory-card-game\\memory_game_NguyenTrungHieu\\src\\data\\cards.ts","statementMap":{"0":{"start":{"line":3,"column":16},"end":{"line":3,"column":55}},"1":{"start":{"line":4,"column":23},"end":{"line":11,"column":5}},"2":{"start":{"line":5,"column":14},"end":{"line":5,"column":33}},"3":{"start":{"line":6,"column":26},"end":{"line":11,"column":3}}},"fnMap":{"0":{"name":"(anonymous_0)","decl":{"start":{"line":5,"column":8},"end":{"line":5,"column":9}},"loc":{"start":{"line":5,"column":14},"end":{"line":5,"column":33}},"line":5},"1":{"name":"(anonymous_1)","decl":{"start":{"line":6,"column":7},"end":{"line":6,"column":8}},"loc":{"start":{"line":6,"column":26},"end":{"line":11,"column":3}},"line":6}},"branchMap":{},"s":{"0":2,"1":2,"2":61,"3":24},"f":{"0":61,"1":24},"b":{},"_coverageSchema":"1a1c01bbd47fc00a2c39e90264f33305004495a9","hash":"4664a67a70d75bd9d2cb1bb5feb92c03f48511a7"}
,"C:\\Users\\Admin\\Downloads\\memory-card-game\\memory_game_NguyenTrungHieu\\src\\types\\Card.ts": {"path":"C:\\Users\\Admin\\Downloads\\memory-card-game\\memory_game_NguyenTrungHieu\\src\\types\\Card.ts","statementMap":{},"fnMap":{},"branchMap":{},"s":{},"f":{},"b":{}}
}
