TN:
SF:src\App.tsx
FN:4,App
FN:8,(anonymous_1)
FNF:2
FNH:1
FNDA:1,App
FNDA:0,(anonymous_1)
DA:5,1
DA:9,0
LF:2
LH:1
BRF:0
BRH:0
end_of_record
TN:
SF:src\index.tsx
FNF:0
FNH:0
DA:7,0
LF:1
LH:0
BRF:0
BRH:0
end_of_record
TN:
SF:src\components\Board.tsx
FN:10,(anonymous_0)
FN:16,(anonymous_1)
FN:18,(anonymous_2)
FN:25,(anonymous_3)
FN:29,(anonymous_4)
FN:34,(anonymous_5)
FN:36,(anonymous_6)
FN:44,(anonymous_7)
FN:45,(anonymous_8)
FN:49,(anonymous_9)
FN:54,(anonymous_10)
FN:58,(anonymous_11)
FN:66,(anonymous_12)
FNF:13
FNH:7
FNDA:4,(anonymous_0)
FNDA:0,(anonymous_1)
FNDA:0,(anonymous_2)
FNDA:0,(anonymous_3)
FNDA:0,(anonymous_4)
FNDA:1,(anonymous_5)
FNDA:0,(anonymous_6)
FNDA:2,(anonymous_7)
FNDA:0,(anonymous_8)
FNDA:2,(anonymous_9)
FNDA:48,(anonymous_10)
FNDA:48,(anonymous_11)
FNDA:48,(anonymous_12)
DA:10,2
DA:11,4
DA:12,4
DA:13,4
DA:15,4
DA:16,4
DA:18,4
DA:19,0
DA:20,0
DA:21,0
DA:25,0
DA:26,0
DA:27,0
DA:29,0
DA:30,0
DA:34,4
DA:35,1
DA:36,0
DA:37,0
DA:39,1
DA:40,1
DA:44,4
DA:45,2
DA:46,2
DA:47,0
DA:49,2
DA:50,2
DA:54,4
DA:55,48
DA:58,48
DA:64,4
DA:67,48
LF:32
LH:21
BRDA:21,0,0,0
BRDA:21,0,1,0
BRDA:35,1,0,0
BRDA:35,1,1,1
BRDA:46,2,0,0
BRDA:46,2,1,2
BRDA:55,3,0,48
BRDA:55,3,1,48
BRF:8
BRH:4
end_of_record
TN:
SF:src\components\Card.tsx
FN:10,(anonymous_0)
FN:15,(anonymous_1)
FNF:2
FNH:2
FNDA:27,(anonymous_0)
FNDA:1,(anonymous_1)
DA:10,3
DA:11,27
DA:12,27
DA:13,27
DA:15,27
DA:16,1
DA:19,27
LF:7
LH:7
BRDA:16,0,0,1
BRDA:16,0,1,1
BRDA:16,0,2,1
BRF:3
BRH:3
end_of_record
TN:
SF:src\data\cards.ts
FN:5,(anonymous_0)
FN:6,(anonymous_1)
FNF:2
FNH:2
FNDA:61,(anonymous_0)
FNDA:24,(anonymous_1)
DA:3,2
DA:4,2
DA:5,61
DA:6,24
LF:4
LH:4
BRF:0
BRH:0
end_of_record
TN:
SF:src\types\Card.ts
FNF:0
FNH:0
LF:0
LH:0
BRF:0
BRH:0
end_of_record
